mode: set
github.com/user/vpm/internal/pwshwrap/placeholder.go:12.83,14.38 2 1
github.com/user/vpm/internal/pwshwrap/placeholder.go:14.38,16.3 1 1
github.com/user/vpm/internal/pwshwrap/placeholder.go:17.2,17.19 1 1
github.com/user/vpm/internal/pwshwrap/placeholder.go:21.36,23.2 1 1
github.com/user/vpm/internal/pwshwrap/placeholder.go:25.25,26.12 1 1
github.com/user/vpm/internal/pwshwrap/placeholder.go:26.12,28.3 1 1
github.com/user/vpm/internal/pwshwrap/placeholder.go:29.2,32.9 4 1
github.com/user/vpm/internal/pwshwrap/placeholder.go:32.9,34.3 1 1
github.com/user/vpm/internal/pwshwrap/placeholder.go:35.2,35.12 1 1
github.com/user/vpm/internal/pwshwrap/placeholder.go:35.12,39.3 3 1
github.com/user/vpm/internal/pwshwrap/placeholder.go:40.2,40.9 1 1
github.com/user/vpm/internal/pwshwrap/placeholder.go:40.9,43.3 2 1
github.com/user/vpm/internal/pwshwrap/placeholder.go:44.2,44.26 1 1
github.com/user/vpm/internal/pwshwrap/wrap.go:14.154,35.2 5 1
github.com/user/vpm/internal/pwshwrap/wrap.go:38.68,40.34 2 1
github.com/user/vpm/internal/pwshwrap/wrap.go:40.34,41.24 1 1
github.com/user/vpm/internal/pwshwrap/wrap.go:41.24,42.16 1 1
github.com/user/vpm/internal/pwshwrap/wrap.go:42.16,44.10 2 1
github.com/user/vpm/internal/pwshwrap/wrap.go:48.2,48.26 1 1
github.com/user/vpm/internal/pwshwrap/wrap.go:48.26,50.3 1 1
github.com/user/vpm/internal/pwshwrap/wrap.go:51.2,52.15 2 1
github.com/user/vpm/internal/logbuf/buffer.go:28.48,37.2 3 1
github.com/user/vpm/internal/logbuf/buffer.go:40.47,45.2 4 1
github.com/user/vpm/internal/logbuf/buffer.go:48.26,52.2 3 1
github.com/user/vpm/internal/logbuf/buffer.go:54.24,55.6 1 1
github.com/user/vpm/internal/logbuf/buffer.go:55.6,56.10 1 1
github.com/user/vpm/internal/logbuf/buffer.go:57.21,58.13 1 1
github.com/user/vpm/internal/logbuf/buffer.go:59.17,60.10 1 1
github.com/user/vpm/internal/logbuf/buffer.go:65.26,67.23 2 1
github.com/user/vpm/internal/logbuf/buffer.go:67.23,70.3 2 1
github.com/user/vpm/internal/logbuf/buffer.go:71.2,75.28 5 1
github.com/user/vpm/internal/logbuf/rotation.go:20.47,22.19 2 1
github.com/user/vpm/internal/logbuf/rotation.go:22.19,24.3 1 1
github.com/user/vpm/internal/logbuf/rotation.go:25.2,26.47 2 1
github.com/user/vpm/internal/logbuf/rotation.go:26.47,28.3 1 0
github.com/user/vpm/internal/logbuf/rotation.go:29.2,29.17 1 1
github.com/user/vpm/internal/logbuf/rotation.go:34.71,36.16 2 1
github.com/user/vpm/internal/logbuf/rotation.go:36.16,38.3 1 0
github.com/user/vpm/internal/logbuf/rotation.go:39.2,47.16 5 1
github.com/user/vpm/internal/logbuf/rotation.go:47.16,49.3 1 0
github.com/user/vpm/internal/logbuf/rotation.go:50.2,50.21 1 1
github.com/user/vpm/internal/logbuf/rotation.go:55.37,57.16 2 1
github.com/user/vpm/internal/logbuf/rotation.go:57.16,59.3 1 0
github.com/user/vpm/internal/logbuf/rotation.go:60.2,61.16 2 1
github.com/user/vpm/internal/logbuf/rotation.go:61.16,63.3 1 0
github.com/user/vpm/internal/logbuf/rotation.go:65.2,74.28 4 1
github.com/user/vpm/internal/logbuf/rotation.go:74.28,75.16 1 1
github.com/user/vpm/internal/logbuf/rotation.go:75.16,76.12 1 1
github.com/user/vpm/internal/logbuf/rotation.go:78.3,79.17 2 1
github.com/user/vpm/internal/logbuf/rotation.go:79.17,80.12 1 0
github.com/user/vpm/internal/logbuf/rotation.go:82.3,83.36 2 1
github.com/user/vpm/internal/logbuf/rotation.go:83.36,85.12 2 1
github.com/user/vpm/internal/logbuf/rotation.go:87.3,87.69 1 1
github.com/user/vpm/internal/logbuf/rotation.go:91.2,91.40 1 1
github.com/user/vpm/internal/logbuf/rotation.go:91.40,93.3 1 1
github.com/user/vpm/internal/logbuf/rotation.go:95.2,96.26 2 1
github.com/user/vpm/internal/logbuf/rotation.go:96.26,98.3 1 1
github.com/user/vpm/internal/logbuf/rotation.go:99.2,99.47 1 1
github.com/user/vpm/internal/logbuf/rotation.go:99.47,103.3 3 0
github.com/user/vpm/internal/logbuf/rotation.go:104.2,104.12 1 1
github.com/user/vpm/internal/portkiller/force.go:21.90,24.16 2 1
github.com/user/vpm/internal/portkiller/force.go:24.16,26.3 1 1
github.com/user/vpm/internal/portkiller/force.go:29.2,29.44 1 1
github.com/user/vpm/internal/portkiller/force.go:29.44,30.33 1 1
github.com/user/vpm/internal/portkiller/force.go:30.33,31.30 1 1
github.com/user/vpm/internal/portkiller/force.go:31.30,32.13 1 1
github.com/user/vpm/internal/portkiller/force.go:34.4,35.30 2 1
github.com/user/vpm/internal/portkiller/force.go:35.30,38.10 3 1
github.com/user/vpm/internal/portkiller/force.go:44.2,44.9 1 1
github.com/user/vpm/internal/portkiller/force.go:45.22,47.58 1 1
github.com/user/vpm/internal/portkiller/force.go:49.47,51.66 1 1
github.com/user/vpm/internal/portkiller/force.go:53.43,54.63 1 1
github.com/user/vpm/internal/portkiller/force.go:56.10,58.60 1 1
github.com/user/vpm/internal/portkiller/force.go:58.60,61.4 1 1
github.com/user/vpm/internal/portkiller/force.go:62.3,62.71 1 1
github.com/user/vpm/internal/portkiller/graceful.go:13.54,14.58 1 1
github.com/user/vpm/internal/portkiller/graceful.go:14.58,16.3 1 1
github.com/user/vpm/internal/portkiller/graceful.go:17.2,17.12 1 1
github.com/user/vpm/internal/portkiller/poll.go:23.86,24.33 1 1
github.com/user/vpm/internal/portkiller/poll.go:24.33,25.10 1 1
github.com/user/vpm/internal/portkiller/poll.go:26.21,27.27 1 1
github.com/user/vpm/internal/portkiller/poll.go:28.35,28.35 0 1
github.com/user/vpm/internal/portkiller/poll.go:30.3,31.22 2 1
github.com/user/vpm/internal/portkiller/poll.go:31.22,33.4 1 1
github.com/user/vpm/internal/portkiller/poll.go:34.3,34.11 1 1
github.com/user/vpm/internal/portkiller/poll.go:34.11,36.4 1 1
github.com/user/vpm/internal/portkiller/poll.go:38.2,38.19 1 1
github.com/user/vpm/internal/portkiller/poll.go:44.57,47.16 3 1
github.com/user/vpm/internal/portkiller/poll.go:47.16,50.3 2 1
github.com/user/vpm/internal/portkiller/poll.go:52.2,53.16 2 1
github.com/user/vpm/internal/portkiller/poll.go:53.16,55.3 1 1
github.com/user/vpm/internal/portkiller/poll.go:56.2,56.28 1 1
github.com/user/vpm/internal/portkiller/state.go:18.32,19.11 1 1
github.com/user/vpm/internal/portkiller/state.go:20.20,21.24 1 1
github.com/user/vpm/internal/portkiller/state.go:22.15,23.19 1 1
github.com/user/vpm/internal/portkiller/state.go:24.16,25.20 1 1
github.com/user/vpm/internal/portkiller/state.go:26.22,27.26 1 1
github.com/user/vpm/internal/portkiller/state.go:28.17,29.21 1 1
github.com/user/vpm/internal/portkiller/state.go:30.25,31.29 1 1
github.com/user/vpm/internal/portkiller/state.go:32.22,33.26 1 1
github.com/user/vpm/internal/portkiller/state.go:34.10,35.19 1 1
github.com/user/vpm/internal/portkiller/triple_pass.go:15.130,17.50 1 1
github.com/user/vpm/internal/portkiller/triple_pass.go:17.50,20.3 1 0
github.com/user/vpm/internal/portkiller/triple_pass.go:23.2,24.16 2 1
github.com/user/vpm/internal/portkiller/triple_pass.go:24.16,26.3 1 0
github.com/user/vpm/internal/portkiller/triple_pass.go:27.2,27.14 1 1
github.com/user/vpm/internal/portkiller/triple_pass.go:27.14,29.3 1 1
github.com/user/vpm/internal/portkiller/triple_pass.go:32.2,33.16 2 1
github.com/user/vpm/internal/portkiller/triple_pass.go:33.16,35.3 1 0
github.com/user/vpm/internal/portkiller/triple_pass.go:36.2,36.20 1 1
